julia_worker:9656#128.84.100.166
┌ Warning: Module Static with build ID 5711745956680002 is missing from the cache.
│ This may mean Static [aedffcd0-7271-4cad-89d0-dc628f76c6d3] does not support precompilation but is imported by a module that does.
└ @ Base loading.jl:1030
┌ Warning: Module Static with build ID 5711745956680002 is missing from the cache.
│ This may mean Static [aedffcd0-7271-4cad-89d0-dc628f76c6d3] does not support precompilation but is imported by a module that does.
└ @ Base loading.jl:1030
┌ Warning: Module Static with build ID 5711745956680002 is missing from the cache.
│ This may mean Static [aedffcd0-7271-4cad-89d0-dc628f76c6d3] does not support precompilation but is imported by a module that does.
└ @ Base loading.jl:1030
┌ Warning: Module Static with build ID 5711745956680002 is missing from the cache.
│ This may mean Static [aedffcd0-7271-4cad-89d0-dc628f76c6d3] does not support precompilation but is imported by a module that does.
└ @ Base loading.jl:1030
┌ Warning: Module Static with build ID 5711745956680002 is missing from the cache.
│ This may mean Static [aedffcd0-7271-4cad-89d0-dc628f76c6d3] does not support precompilation but is imported by a module that does.
└ @ Base loading.jl:1030
┌ Warning: Module Static with build ID 5711745956680002 is missing from the cache.
│ This may mean Static [aedffcd0-7271-4cad-89d0-dc628f76c6d3] does not support precompilation but is imported by a module that does.
└ @ Base loading.jl:1030
┌ Warning: Module Static with build ID 5711745956680002 is missing from the cache.
│ This may mean Static [aedffcd0-7271-4cad-89d0-dc628f76c6d3] does not support precompilation but is imported by a module that does.
└ @ Base loading.jl:1030
┌ Warning: Module VectorizationBase with build ID 5711748139901368 is missing from the cache.
│ This may mean VectorizationBase [3d5dd08c-fd9d-11e8-17fa-ed2836048c2f] does not support precompilation but is imported by a module that does.
└ @ Base loading.jl:1030
┌ Warning: Module BitTwiddlingConvenienceFunctions with build ID 5711752234906678 is missing from the cache.
│ This may mean BitTwiddlingConvenienceFunctions [62783981-4cbd-42fc-bca8-16325de8dc4b] does not support precompilation but is imported by a module that does.
└ @ Base loading.jl:1030
┌ Warning: Module Static with build ID 5711745956680002 is missing from the cache.
│ This may mean Static [aedffcd0-7271-4cad-89d0-dc628f76c6d3] does not support precompilation but is imported by a module that does.
└ @ Base loading.jl:1030
┌ Warning: The call to compilecache failed to create a usable precompiled cache file for LoopVectorization [bdcacae8-1622-11e9-2a5c-532679323890]
│   exception = Required dependency Static [aedffcd0-7271-4cad-89d0-dc628f76c6d3] failed to load from a cache file.
└ @ Base loading.jl:1055
WARNING: using StaticArrays.setindex in module FiniteDiff conflicts with an existing identifier.
┌ Warning: The call to compilecache failed to create a usable precompiled cache file for DynamicExpressions [a40a106e-89c9-4ca8-8020-a735e8728b6b]
│   exception = Required dependency StaticArrays [90137ffa-7385-5640-81b9-e52037218182] failed to load from a cache file.
└ @ Base loading.jl:1055
┌ Warning: You are using multithreading mode, but only one thread is available. Try starting julia with `--threads=auto`.
└ @ SymbolicRegression ~/.julia/packages/SymbolicRegression/XKtla/src/SymbolicRegression.jl:546
┌ Warning: You are using multithreading mode, but only one thread is available. Try starting julia with `--threads=auto`.
└ @ SymbolicRegression ~/.julia/packages/SymbolicRegression/XKtla/src/SymbolicRegression.jl:546
┌ Warning: You are using multithreading mode, but only one thread is available. Try starting julia with `--threads=auto`.
└ @ SymbolicRegression ~/.julia/packages/SymbolicRegression/XKtla/src/SymbolicRegression.jl:546
┌ Warning: You are using multithreading mode, but only one thread is available. Try starting julia with `--threads=auto`.
└ @ SymbolicRegression ~/.julia/packages/SymbolicRegression/XKtla/src/SymbolicRegression.jl:546
┌ Warning: Recreating population (output=1, population=3), as the saved one doesn't have the correct number of members.
└ @ SymbolicRegression ~/.julia/packages/SymbolicRegression/XKtla/src/SymbolicRegression.jl:700
┌ Warning: You are using multithreading mode, but only one thread is available. Try starting julia with `--threads=auto`.
└ @ SymbolicRegression ~/.julia/packages/SymbolicRegression/XKtla/src/SymbolicRegression.jl:546
┌ Warning: You are using multithreading mode, but only one thread is available. Try starting julia with `--threads=auto`.
└ @ SymbolicRegression ~/.julia/packages/SymbolicRegression/XKtla/src/SymbolicRegression.jl:546
┌ Warning: You are using multithreading mode, but only one thread is available. Try starting julia with `--threads=auto`.
└ @ SymbolicRegression ~/.julia/packages/SymbolicRegression/XKtla/src/SymbolicRegression.jl:546
┌ Warning: You are using multithreading mode, but only one thread is available. Try starting julia with `--threads=auto`.
└ @ SymbolicRegression ~/.julia/packages/SymbolicRegression/XKtla/src/SymbolicRegression.jl:546
┌ Warning: Recreating population (output=2, population=3), as the saved one doesn't have the correct number of members.
└ @ SymbolicRegression ~/.julia/packages/SymbolicRegression/XKtla/src/SymbolicRegression.jl:700
  Activating environment at `~/.julia/environments/pysr-0.16.3/Project.toml`
